74   [main] WARN  org.eclipse.jetty.server.handler.ContextHandler  - Empty contextPath
831  [main] WARN  Spring Security Debugger  - 

********************************************************************
**********        Security debugging is enabled.       *************
**********    This may include sensitive information.  *************
**********      Do not use in a production system!     *************
********************************************************************


1880 [main] WARN  Spring Security Debugger  - 

********************************************************************
**********        Security debugging is enabled.       *************
**********    This may include sensitive information.  *************
**********      Do not use in a production system!     *************
********************************************************************


0    [main] WARN  org.eclipse.jetty.server.handler.ContextHandler  - Empty contextPath
830  [main] WARN  Spring Security Debugger  - 

********************************************************************
**********        Security debugging is enabled.       *************
**********    This may include sensitive information.  *************
**********      Do not use in a production system!     *************
********************************************************************


1961 [main] WARN  Spring Security Debugger  - 

********************************************************************
**********        Security debugging is enabled.       *************
**********    This may include sensitive information.  *************
**********      Do not use in a production system!     *************
********************************************************************


0    [main] WARN  org.eclipse.jetty.server.handler.ContextHandler  - Empty contextPath
722  [main] WARN  Spring Security Debugger  - 

********************************************************************
**********        Security debugging is enabled.       *************
**********    This may include sensitive information.  *************
**********      Do not use in a production system!     *************
********************************************************************


1704 [main] WARN  Spring Security Debugger  - 

********************************************************************
**********        Security debugging is enabled.       *************
**********    This may include sensitive information.  *************
**********      Do not use in a production system!     *************
********************************************************************


0    [main] WARN  org.eclipse.jetty.server.handler.ContextHandler  - Empty contextPath
698  [main] WARN  Spring Security Debugger  - 

********************************************************************
**********        Security debugging is enabled.       *************
**********    This may include sensitive information.  *************
**********      Do not use in a production system!     *************
********************************************************************


1664 [main] WARN  Spring Security Debugger  - 

********************************************************************
**********        Security debugging is enabled.       *************
**********    This may include sensitive information.  *************
**********      Do not use in a production system!     *************
********************************************************************


0    [main] WARN  org.eclipse.jetty.server.handler.ContextHandler  - Empty contextPath
705  [main] WARN  Spring Security Debugger  - 

********************************************************************
**********        Security debugging is enabled.       *************
**********    This may include sensitive information.  *************
**********      Do not use in a production system!     *************
********************************************************************


1670 [main] WARN  Spring Security Debugger  - 

********************************************************************
**********        Security debugging is enabled.       *************
**********    This may include sensitive information.  *************
**********      Do not use in a production system!     *************
********************************************************************


